---------------------------------------------------
src/Server.cpp
---------------------------------------------------
src/Server.cpp
---------------------------------------------------
src/Server.cpp
---------------------------------------------------
src/Server.cpp
---------------------------------------------------
src/Server.cpp
---------------------------------------------------
src/Server.cpp
---------------------------------------------------
src/Server.cpp
---------------------------------------------------
src/Server.cpp
---------------------------------------------------
src/main.cpp
src/Server.cpp
src/IrcSystem.cpp
---------------------------------------------------
src/main.cpp
---------------------------------------------------
src/User.cpp
src/Message.cpp
src/Client.cpp
src/main.cpp
src/Server.cpp
src/IrcSystem.cpp
src/Channel.cpp
